Build started 2017-03-16 20:37:27.
Project "c:\documents and settings\iwa\moje dokumenty\visual studio 2010\Projects\Mandelbrot\Mandelbrot\Mandelbrot.vcxproj" on node 2 (build target(s)).
PrepareForBuild:
  Creating directory "c:\documents and settings\iwa\moje dokumenty\visual studio 2010\Projects\Mandelbrot\Debug\".
InitializeBuildStatus:
  Creating "Debug\Mandelbrot.unsuccessfulbuild" because "AlwaysCreate" was specified.
ClCompile:
  C:\Program Files\Microsoft Visual Studio 10.0\VC\bin\CL.exe /c /ZI /nologo /W3 /WX- /Od /Oy- /D _MBCS /Gm /EHsc /RTC1 /MD /GS /fp:precise /Zc:wchar_t /Zc:forScope /Fo"Debug\\" /Fd"Debug\vc100.pdb" /Gd /TP /analyze- /errorReport:prompt main.cpp
  main.cpp
Link:
  C:\Program Files\Microsoft Visual Studio 10.0\VC\bin\link.exe /ERRORREPORT:PROMPT /OUT:"c:\documents and settings\iwa\moje dokumenty\visual studio 2010\Projects\Mandelbrot\Debug\Mandelbrot.exe" /NOLOGO SDL.lib SDLmain.lib kernel32.lib user32.lib gdi32.lib winspool.lib comdlg32.lib advapi32.lib shell32.lib ole32.lib oleaut32.lib uuid.lib odbc32.lib odbccp32.lib /MANIFEST /ManifestFile:"Debug\Mandelbrot.exe.intermediate.manifest" /MANIFESTUAC:"level='asInvoker' uiAccess='false'" /DEBUG /PDB:"c:\documents and settings\iwa\moje dokumenty\visual studio 2010\Projects\Mandelbrot\Debug\Mandelbrot.pdb" /SUBSYSTEM:WINDOWS /TLBID:1 /DYNAMICBASE /NXCOMPAT /IMPLIB:"c:\documents and settings\iwa\moje dokumenty\visual studio 2010\Projects\Mandelbrot\Debug\Mandelbrot.lib" /MACHINE:X86 Debug\main.obj
  Mandelbrot.vcxproj -> c:\documents and settings\iwa\moje dokumenty\visual studio 2010\Projects\Mandelbrot\Debug\Mandelbrot.exe
Manifest:
  C:\Program Files\Microsoft SDKs\Windows\v7.0A\bin\mt.exe /nologo /verbose /outputresource:"c:\documents and settings\iwa\moje dokumenty\visual studio 2010\Projects\Mandelbrot\Debug\Mandelbrot.exe;#1" /manifest Debug\Mandelbrot.exe.intermediate.manifest
FinalizeBuildStatus:
  Deleting file "Debug\Mandelbrot.unsuccessfulbuild".
  Touching "Debug\Mandelbrot.lastbuildstate".
Done Building Project "c:\documents and settings\iwa\moje dokumenty\visual studio 2010\Projects\Mandelbrot\Mandelbrot\Mandelbrot.vcxproj" (build target(s)).

Build succeeded.

Time Elapsed 00:00:02.39
